<?xml version="1.0" encoding="UTF-8"?>
<!-- Generated by org.testng.reporters.JUnitReportReporter -->
<testsuite hostname="RavikiranDESKTOP-GLPREHU" failures="0" tests="1" name="plumbing.PlumbingTest" time="28.549" errors="0" timestamp="2022-06-06T21:25:53 IST" skipped="0">
  <testcase classname="plumbing.PlumbingTest" name="plumbingTest" time="28.549"/>
  <system-out/>
</testsuite> <!-- plumbing.PlumbingTest -->
